{"/Users/axeldion/Documents/GitHub/CinetrackerReact/frontend/src/utils/helpers.js": {"path":"/Users/axeldion/Documents/GitHub/CinetrackerReact/frontend/src/utils/helpers.js","statementMap":{"0":{"start":{"line":13,"column":0},"end":{"line":29,"column":3}},"1":{"start":{"line":14,"column":2},"end":{"line":16,"column":5}},"2":{"start":{"line":15,"column":4},"end":{"line":15,"column":38}},"3":{"start":{"line":17,"column":2},"end":{"line":19,"column":5}},"4":{"start":{"line":18,"column":4},"end":{"line":18,"column":40}},"5":{"start":{"line":20,"column":2},"end":{"line":22,"column":5}},"6":{"start":{"line":21,"column":4},"end":{"line":21,"column":46}},"7":{"start":{"line":23,"column":2},"end":{"line":25,"column":5}},"8":{"start":{"line":24,"column":4},"end":{"line":24,"column":43}},"9":{"start":{"line":26,"column":2},"end":{"line":28,"column":5}},"10":{"start":{"line":27,"column":4},"end":{"line":27,"column":43}},"11":{"start":{"line":34,"column":0},"end":{"line":56,"column":3}},"12":{"start":{"line":36,"column":2},"end":{"line":43,"column":5}},"13":{"start":{"line":37,"column":4},"end":{"line":42,"column":6}},"14":{"start":{"line":44,"column":2},"end":{"line":46,"column":5}},"15":{"start":{"line":45,"column":4},"end":{"line":45,"column":59}},"16":{"start":{"line":47,"column":2},"end":{"line":49,"column":5}},"17":{"start":{"line":48,"column":4},"end":{"line":48,"column":60}},"18":{"start":{"line":50,"column":2},"end":{"line":52,"column":5}},"19":{"start":{"line":51,"column":4},"end":{"line":51,"column":59}},"20":{"start":{"line":53,"column":2},"end":{"line":55,"column":5}},"21":{"start":{"line":54,"column":4},"end":{"line":54,"column":55}},"22":{"start":{"line":61,"column":0},"end":{"line":83,"column":3}},"23":{"start":{"line":62,"column":2},"end":{"line":64,"column":5}},"24":{"start":{"line":63,"column":4},"end":{"line":63,"column":41}},"25":{"start":{"line":65,"column":2},"end":{"line":67,"column":5}},"26":{"start":{"line":66,"column":4},"end":{"line":66,"column":46}},"27":{"start":{"line":68,"column":2},"end":{"line":70,"column":5}},"28":{"start":{"line":69,"column":4},"end":{"line":69,"column":51}},"29":{"start":{"line":71,"column":2},"end":{"line":73,"column":5}},"30":{"start":{"line":72,"column":4},"end":{"line":72,"column":67}},"31":{"start":{"line":74,"column":2},"end":{"line":78,"column":5}},"32":{"start":{"line":75,"column":4},"end":{"line":77,"column":6}},"33":{"start":{"line":79,"column":2},"end":{"line":82,"column":5}},"34":{"start":{"line":80,"column":17},"end":{"line":80,"column":31}},"35":{"start":{"line":81,"column":4},"end":{"line":81,"column":61}},"36":{"start":{"line":88,"column":0},"end":{"line":107,"column":3}},"37":{"start":{"line":89,"column":2},"end":{"line":91,"column":5}},"38":{"start":{"line":90,"column":4},"end":{"line":90,"column":54}},"39":{"start":{"line":92,"column":2},"end":{"line":94,"column":5}},"40":{"start":{"line":93,"column":4},"end":{"line":93,"column":61}},"41":{"start":{"line":95,"column":2},"end":{"line":97,"column":5}},"42":{"start":{"line":96,"column":4},"end":{"line":96,"column":54}},"43":{"start":{"line":98,"column":2},"end":{"line":100,"column":5}},"44":{"start":{"line":99,"column":4},"end":{"line":99,"column":46}},"45":{"start":{"line":101,"column":2},"end":{"line":103,"column":5}},"46":{"start":{"line":102,"column":4},"end":{"line":102,"column":41}},"47":{"start":{"line":104,"column":2},"end":{"line":106,"column":5}},"48":{"start":{"line":105,"column":4},"end":{"line":105,"column":56}},"49":{"start":{"line":112,"column":0},"end":{"line":136,"column":3}},"50":{"start":{"line":114,"column":2},"end":{"line":121,"column":5}},"51":{"start":{"line":115,"column":4},"end":{"line":120,"column":6}},"52":{"start":{"line":122,"column":2},"end":{"line":124,"column":5}},"53":{"start":{"line":123,"column":4},"end":{"line":123,"column":51}},"54":{"start":{"line":125,"column":2},"end":{"line":127,"column":5}},"55":{"start":{"line":126,"column":4},"end":{"line":126,"column":75}},"56":{"start":{"line":128,"column":2},"end":{"line":135,"column":5}},"57":{"start":{"line":129,"column":4},"end":{"line":134,"column":22}},"58":{"start":{"line":141,"column":0},"end":{"line":167,"column":3}},"59":{"start":{"line":142,"column":2},"end":{"line":144,"column":5}},"60":{"start":{"line":143,"column":4},"end":{"line":143,"column":69}},"61":{"start":{"line":145,"column":2},"end":{"line":147,"column":5}},"62":{"start":{"line":146,"column":4},"end":{"line":146,"column":40}},"63":{"start":{"line":148,"column":2},"end":{"line":155,"column":5}},"64":{"start":{"line":149,"column":19},"end":{"line":153,"column":5}},"65":{"start":{"line":154,"column":4},"end":{"line":154,"column":51}},"66":{"start":{"line":156,"column":2},"end":{"line":163,"column":5}},"67":{"start":{"line":157,"column":19},"end":{"line":161,"column":5}},"68":{"start":{"line":162,"column":4},"end":{"line":162,"column":51}},"69":{"start":{"line":164,"column":2},"end":{"line":166,"column":5}},"70":{"start":{"line":165,"column":4},"end":{"line":165,"column":51}}},"fnMap":{"0":{"name":"(anonymous_0)","decl":{"start":{"line":13,"column":28},"end":{"line":13,"column":29}},"loc":{"start":{"line":13,"column":40},"end":{"line":29,"column":1}},"line":13},"1":{"name":"(anonymous_1)","decl":{"start":{"line":14,"column":50},"end":{"line":14,"column":51}},"loc":{"start":{"line":14,"column":62},"end":{"line":16,"column":3}},"line":14},"2":{"name":"(anonymous_2)","decl":{"start":{"line":17,"column":50},"end":{"line":17,"column":51}},"loc":{"start":{"line":17,"column":62},"end":{"line":19,"column":3}},"line":17},"3":{"name":"(anonymous_3)","decl":{"start":{"line":20,"column":47},"end":{"line":20,"column":48}},"loc":{"start":{"line":20,"column":59},"end":{"line":22,"column":3}},"line":20},"4":{"name":"(anonymous_4)","decl":{"start":{"line":23,"column":44},"end":{"line":23,"column":45}},"loc":{"start":{"line":23,"column":56},"end":{"line":25,"column":3}},"line":23},"5":{"name":"(anonymous_5)","decl":{"start":{"line":26,"column":50},"end":{"line":26,"column":51}},"loc":{"start":{"line":26,"column":62},"end":{"line":28,"column":3}},"line":26},"6":{"name":"(anonymous_6)","decl":{"start":{"line":34,"column":32},"end":{"line":34,"column":33}},"loc":{"start":{"line":34,"column":44},"end":{"line":56,"column":1}},"line":34},"7":{"name":"(anonymous_7)","decl":{"start":{"line":36,"column":13},"end":{"line":36,"column":14}},"loc":{"start":{"line":36,"column":25},"end":{"line":43,"column":3}},"line":36},"8":{"name":"(anonymous_8)","decl":{"start":{"line":44,"column":51},"end":{"line":44,"column":52}},"loc":{"start":{"line":44,"column":63},"end":{"line":46,"column":3}},"line":44},"9":{"name":"(anonymous_9)","decl":{"start":{"line":47,"column":53},"end":{"line":47,"column":54}},"loc":{"start":{"line":47,"column":65},"end":{"line":49,"column":3}},"line":47},"10":{"name":"(anonymous_10)","decl":{"start":{"line":50,"column":51},"end":{"line":50,"column":52}},"loc":{"start":{"line":50,"column":63},"end":{"line":52,"column":3}},"line":50},"11":{"name":"(anonymous_11)","decl":{"start":{"line":53,"column":52},"end":{"line":53,"column":53}},"loc":{"start":{"line":53,"column":64},"end":{"line":55,"column":3}},"line":53},"12":{"name":"(anonymous_12)","decl":{"start":{"line":61,"column":31},"end":{"line":61,"column":32}},"loc":{"start":{"line":61,"column":43},"end":{"line":83,"column":1}},"line":61},"13":{"name":"(anonymous_13)","decl":{"start":{"line":62,"column":52},"end":{"line":62,"column":53}},"loc":{"start":{"line":62,"column":64},"end":{"line":64,"column":3}},"line":62},"14":{"name":"(anonymous_14)","decl":{"start":{"line":65,"column":57},"end":{"line":65,"column":58}},"loc":{"start":{"line":65,"column":69},"end":{"line":67,"column":3}},"line":65},"15":{"name":"(anonymous_15)","decl":{"start":{"line":68,"column":58},"end":{"line":68,"column":59}},"loc":{"start":{"line":68,"column":70},"end":{"line":70,"column":3}},"line":68},"16":{"name":"(anonymous_16)","decl":{"start":{"line":71,"column":62},"end":{"line":71,"column":63}},"loc":{"start":{"line":71,"column":74},"end":{"line":73,"column":3}},"line":71},"17":{"name":"(anonymous_17)","decl":{"start":{"line":74,"column":55},"end":{"line":74,"column":56}},"loc":{"start":{"line":74,"column":67},"end":{"line":78,"column":3}},"line":74},"18":{"name":"(anonymous_18)","decl":{"start":{"line":79,"column":53},"end":{"line":79,"column":54}},"loc":{"start":{"line":79,"column":65},"end":{"line":82,"column":3}},"line":79},"19":{"name":"(anonymous_19)","decl":{"start":{"line":88,"column":30},"end":{"line":88,"column":31}},"loc":{"start":{"line":88,"column":42},"end":{"line":107,"column":1}},"line":88},"20":{"name":"(anonymous_20)","decl":{"start":{"line":89,"column":45},"end":{"line":89,"column":46}},"loc":{"start":{"line":89,"column":57},"end":{"line":91,"column":3}},"line":89},"21":{"name":"(anonymous_21)","decl":{"start":{"line":92,"column":60},"end":{"line":92,"column":61}},"loc":{"start":{"line":92,"column":72},"end":{"line":94,"column":3}},"line":92},"22":{"name":"(anonymous_22)","decl":{"start":{"line":95,"column":44},"end":{"line":95,"column":45}},"loc":{"start":{"line":95,"column":56},"end":{"line":97,"column":3}},"line":95},"23":{"name":"(anonymous_23)","decl":{"start":{"line":98,"column":49},"end":{"line":98,"column":50}},"loc":{"start":{"line":98,"column":61},"end":{"line":100,"column":3}},"line":98},"24":{"name":"(anonymous_24)","decl":{"start":{"line":101,"column":45},"end":{"line":101,"column":46}},"loc":{"start":{"line":101,"column":57},"end":{"line":103,"column":3}},"line":101},"25":{"name":"(anonymous_25)","decl":{"start":{"line":104,"column":48},"end":{"line":104,"column":49}},"loc":{"start":{"line":104,"column":60},"end":{"line":106,"column":3}},"line":104},"26":{"name":"(anonymous_26)","decl":{"start":{"line":112,"column":32},"end":{"line":112,"column":33}},"loc":{"start":{"line":112,"column":44},"end":{"line":136,"column":1}},"line":112},"27":{"name":"(anonymous_27)","decl":{"start":{"line":114,"column":13},"end":{"line":114,"column":14}},"loc":{"start":{"line":114,"column":25},"end":{"line":121,"column":3}},"line":114},"28":{"name":"(anonymous_28)","decl":{"start":{"line":122,"column":44},"end":{"line":122,"column":45}},"loc":{"start":{"line":122,"column":56},"end":{"line":124,"column":3}},"line":122},"29":{"name":"(anonymous_29)","decl":{"start":{"line":125,"column":50},"end":{"line":125,"column":51}},"loc":{"start":{"line":125,"column":62},"end":{"line":127,"column":3}},"line":125},"30":{"name":"(anonymous_30)","decl":{"start":{"line":128,"column":47},"end":{"line":128,"column":48}},"loc":{"start":{"line":128,"column":59},"end":{"line":135,"column":3}},"line":128},"31":{"name":"(anonymous_31)","decl":{"start":{"line":141,"column":33},"end":{"line":141,"column":34}},"loc":{"start":{"line":141,"column":45},"end":{"line":167,"column":1}},"line":141},"32":{"name":"(anonymous_32)","decl":{"start":{"line":142,"column":49},"end":{"line":142,"column":50}},"loc":{"start":{"line":142,"column":61},"end":{"line":144,"column":3}},"line":142},"33":{"name":"(anonymous_33)","decl":{"start":{"line":145,"column":40},"end":{"line":145,"column":41}},"loc":{"start":{"line":145,"column":52},"end":{"line":147,"column":3}},"line":145},"34":{"name":"(anonymous_34)","decl":{"start":{"line":148,"column":42},"end":{"line":148,"column":43}},"loc":{"start":{"line":148,"column":54},"end":{"line":155,"column":3}},"line":148},"35":{"name":"(anonymous_35)","decl":{"start":{"line":156,"column":42},"end":{"line":156,"column":43}},"loc":{"start":{"line":156,"column":54},"end":{"line":163,"column":3}},"line":156},"36":{"name":"(anonymous_36)","decl":{"start":{"line":164,"column":56},"end":{"line":164,"column":57}},"loc":{"start":{"line":164,"column":68},"end":{"line":166,"column":3}},"line":164}},"branchMap":{},"s":{"0":1,"1":1,"2":1,"3":1,"4":1,"5":1,"6":1,"7":1,"8":1,"9":1,"10":1,"11":1,"12":1,"13":4,"14":1,"15":1,"16":1,"17":1,"18":1,"19":1,"20":1,"21":1,"22":1,"23":1,"24":1,"25":1,"26":1,"27":1,"28":1,"29":1,"30":1,"31":1,"32":1,"33":1,"34":1,"35":1,"36":1,"37":1,"38":1,"39":1,"40":1,"41":1,"42":1,"43":1,"44":1,"45":1,"46":1,"47":1,"48":1,"49":1,"50":1,"51":3,"52":1,"53":1,"54":1,"55":1,"56":1,"57":1,"58":1,"59":1,"60":1,"61":1,"62":1,"63":1,"64":1,"65":1,"66":1,"67":1,"68":1,"69":1,"70":1},"f":{"0":1,"1":1,"2":1,"3":1,"4":1,"5":1,"6":1,"7":4,"8":1,"9":1,"10":1,"11":1,"12":1,"13":1,"14":1,"15":1,"16":1,"17":1,"18":1,"19":1,"20":1,"21":1,"22":1,"23":1,"24":1,"25":1,"26":1,"27":3,"28":1,"29":1,"30":1,"31":1,"32":1,"33":1,"34":1,"35":1,"36":1},"b":{},"_coverageSchema":"1a1c01bbd47fc00a2c39e90264f33305004495a9","hash":"38531d6b5beedfe6a42ff08668948dd61e45be18"}
}
