TN:
SF:src/utils/helpers.js
FN:13,(anonymous_0)
FN:14,(anonymous_1)
FN:17,(anonymous_2)
FN:20,(anonymous_3)
FN:23,(anonymous_4)
FN:26,(anonymous_5)
FN:34,(anonymous_6)
FN:36,(anonymous_7)
FN:44,(anonymous_8)
FN:47,(anonymous_9)
FN:50,(anonymous_10)
FN:53,(anonymous_11)
FN:61,(anonymous_12)
FN:62,(anonymous_13)
FN:65,(anonymous_14)
FN:68,(anonymous_15)
FN:71,(anonymous_16)
FN:74,(anonymous_17)
FN:79,(anonymous_18)
FN:88,(anonymous_19)
FN:89,(anonymous_20)
FN:92,(anonymous_21)
FN:95,(anonymous_22)
FN:98,(anonymous_23)
FN:101,(anonymous_24)
FN:104,(anonymous_25)
FN:112,(anonymous_26)
FN:114,(anonymous_27)
FN:122,(anonymous_28)
FN:125,(anonymous_29)
FN:128,(anonymous_30)
FN:141,(anonymous_31)
FN:142,(anonymous_32)
FN:145,(anonymous_33)
FN:148,(anonymous_34)
FN:156,(anonymous_35)
FN:164,(anonymous_36)
FNF:37
FNH:37
FNDA:1,(anonymous_0)
FNDA:1,(anonymous_1)
FNDA:1,(anonymous_2)
FNDA:1,(anonymous_3)
FNDA:1,(anonymous_4)
FNDA:1,(anonymous_5)
FNDA:1,(anonymous_6)
FNDA:4,(anonymous_7)
FNDA:1,(anonymous_8)
FNDA:1,(anonymous_9)
FNDA:1,(anonymous_10)
FNDA:1,(anonymous_11)
FNDA:1,(anonymous_12)
FNDA:1,(anonymous_13)
FNDA:1,(anonymous_14)
FNDA:1,(anonymous_15)
FNDA:1,(anonymous_16)
FNDA:1,(anonymous_17)
FNDA:1,(anonymous_18)
FNDA:1,(anonymous_19)
FNDA:1,(anonymous_20)
FNDA:1,(anonymous_21)
FNDA:1,(anonymous_22)
FNDA:1,(anonymous_23)
FNDA:1,(anonymous_24)
FNDA:1,(anonymous_25)
FNDA:1,(anonymous_26)
FNDA:3,(anonymous_27)
FNDA:1,(anonymous_28)
FNDA:1,(anonymous_29)
FNDA:1,(anonymous_30)
FNDA:1,(anonymous_31)
FNDA:1,(anonymous_32)
FNDA:1,(anonymous_33)
FNDA:1,(anonymous_34)
FNDA:1,(anonymous_35)
FNDA:1,(anonymous_36)
DA:13,1
DA:14,1
DA:15,1
DA:17,1
DA:18,1
DA:20,1
DA:21,1
DA:23,1
DA:24,1
DA:26,1
DA:27,1
DA:34,1
DA:36,1
DA:37,4
DA:44,1
DA:45,1
DA:47,1
DA:48,1
DA:50,1
DA:51,1
DA:53,1
DA:54,1
DA:61,1
DA:62,1
DA:63,1
DA:65,1
DA:66,1
DA:68,1
DA:69,1
DA:71,1
DA:72,1
DA:74,1
DA:75,1
DA:79,1
DA:80,1
DA:81,1
DA:88,1
DA:89,1
DA:90,1
DA:92,1
DA:93,1
DA:95,1
DA:96,1
DA:98,1
DA:99,1
DA:101,1
DA:102,1
DA:104,1
DA:105,1
DA:112,1
DA:114,1
DA:115,3
DA:122,1
DA:123,1
DA:125,1
DA:126,1
DA:128,1
DA:129,1
DA:141,1
DA:142,1
DA:143,1
DA:145,1
DA:146,1
DA:148,1
DA:149,1
DA:154,1
DA:156,1
DA:157,1
DA:162,1
DA:164,1
DA:165,1
LF:71
LH:71
BRF:0
BRH:0
end_of_record
